<?xml version="1.0" encoding="UTF-8"?>
<testng-results ignored="0" total="1" passed="1" failed="0" skipped="0">
  <reporter-output>
  </reporter-output>
  <suite started-at="2022-11-11T22:30:10 IST" name="Default suite" finished-at="2022-11-11T22:30:52 IST" duration-ms="41840">
    <groups>
    </groups>
    <test started-at="2022-11-11T22:30:10 IST" name="Default test" finished-at="2022-11-11T22:30:52 IST" duration-ms="41840">
      <class name="CambridgeHeadless.ObjectRepositry">
        <test-method signature="setup()[pri:0, instance:CambridgeHeadless.ObjectRepositry@38c6f217]" started-at="2022-11-11T22:30:10 IST" name="setup" finished-at="2022-11-11T22:30:52 IST" duration-ms="41798" status="PASS">
          <reporter-output>
          </reporter-output>
        </test-method> <!-- setup -->
      </class> <!-- CambridgeHeadless.ObjectRepositry -->
    </test> <!-- Default test -->
  </suite> <!-- Default suite -->
</testng-results>
